0 info it worked if it ends with ok
1 verbose cli [
1 verbose cli   '/usr/local/bin/node',
1 verbose cli   '/usr/local/bin/npm',
1 verbose cli   'run',
1 verbose cli   'typeorm',
1 verbose cli   'migration:run'
1 verbose cli ]
2 info using npm@6.14.13
3 info using node@v12.22.3
4 verbose run-script [ 'pretypeorm', 'typeorm', 'posttypeorm' ]
5 info lifecycle backend@1.0.0~pretypeorm: backend@1.0.0
6 info lifecycle backend@1.0.0~typeorm: backend@1.0.0
7 verbose lifecycle backend@1.0.0~typeorm: unsafe-perm in lifecycle true
8 verbose lifecycle backend@1.0.0~typeorm: PATH: /usr/local/lib/node_modules/npm/node_modules/npm-lifecycle/node-gyp-bin:/home/node/app/backend/node_modules/.bin:/usr/local/sbin:/usr/local/bin:/usr/sbin:/usr/bin:/sbin:/bin
9 verbose lifecycle backend@1.0.0~typeorm: CWD: /home/node/app/backend
10 silly lifecycle backend@1.0.0~typeorm: Args: [ '-c', 'npx ts-node ./node_modules/typeorm/cli.js "migration:run"' ]
11 silly lifecycle backend@1.0.0~typeorm: Returned: code: 1  signal: null
12 info lifecycle backend@1.0.0~typeorm: Failed to exec typeorm script
13 verbose stack Error: backend@1.0.0 typeorm: `npx ts-node ./node_modules/typeorm/cli.js "migration:run"`
13 verbose stack Exit status 1
13 verbose stack     at EventEmitter.<anonymous> (/usr/local/lib/node_modules/npm/node_modules/npm-lifecycle/index.js:332:16)
13 verbose stack     at EventEmitter.emit (events.js:314:20)
13 verbose stack     at ChildProcess.<anonymous> (/usr/local/lib/node_modules/npm/node_modules/npm-lifecycle/lib/spawn.js:55:14)
13 verbose stack     at ChildProcess.emit (events.js:314:20)
13 verbose stack     at maybeClose (internal/child_process.js:1022:16)
13 verbose stack     at Process.ChildProcess._handle.onexit (internal/child_process.js:287:5)
14 verbose pkgid backend@1.0.0
15 verbose cwd /home/node/app/backend
16 verbose Linux 5.4.72-microsoft-standard-WSL2
17 verbose argv "/usr/local/bin/node" "/usr/local/bin/npm" "run" "typeorm" "migration:run"
18 verbose node v12.22.3
19 verbose npm  v6.14.13
20 error code ELIFECYCLE
21 error errno 1
22 error backend@1.0.0 typeorm: `npx ts-node ./node_modules/typeorm/cli.js "migration:run"`
22 error Exit status 1
23 error Failed at the backend@1.0.0 typeorm script.
23 error This is probably not a problem with npm. There is likely additional logging output above.
24 verbose exit [ 1, true ]
